{"C:\\Users\\abhin\\Desktop\\ophillia-headless-cms\\packages\\sdk\\src\\client.ts": {"path":"C:\\Users\\abhin\\Desktop\\ophillia-headless-cms\\packages\\sdk\\src\\client.ts","statementMap":{"0":{"start":{"line":16,"column":8},"end":{"line":16,"column":null}},"1":{"start":{"line":20,"column":8},"end":{"line":20,"column":null}},"2":{"start":{"line":24,"column":45},"end":{"line":24,"column":null}},"3":{"start":{"line":25,"column":8},"end":{"line":25,"column":null}},"4":{"start":{"line":29,"column":8},"end":{"line":29,"column":null}},"5":{"start":{"line":33,"column":20},"end":{"line":33,"column":null}},"6":{"start":{"line":35,"column":8},"end":{"line":39,"column":null}},"7":{"start":{"line":36,"column":12},"end":{"line":38,"column":null}},"8":{"start":{"line":37,"column":16},"end":{"line":37,"column":null}},"9":{"start":{"line":41,"column":48},"end":{"line":44,"column":null}},"10":{"start":{"line":46,"column":8},"end":{"line":48,"column":null}},"11":{"start":{"line":47,"column":12},"end":{"line":47,"column":null}},"12":{"start":{"line":50,"column":25},"end":{"line":50,"column":null}},"13":{"start":{"line":52,"column":8},"end":{"line":60,"column":null}},"14":{"start":{"line":53,"column":25},"end":{"line":53,"column":null}},"15":{"start":{"line":53,"column":60},"end":{"line":53,"column":63}},"16":{"start":{"line":54,"column":34},"end":{"line":58,"column":null}},"17":{"start":{"line":59,"column":12},"end":{"line":59,"column":null}},"18":{"start":{"line":62,"column":8},"end":{"line":62,"column":null}},"19":{"start":{"line":68,"column":37},"end":{"line":68,"column":null}},"20":{"start":{"line":71,"column":4},"end":{"line":75,"column":null}},"21":{"start":{"line":72,"column":8},"end":{"line":74,"column":null}},"22":{"start":{"line":76,"column":4},"end":{"line":76,"column":null}},"23":{"start":{"line":80,"column":4},"end":{"line":80,"column":null}},"24":{"start":{"line":81,"column":4},"end":{"line":81,"column":null}},"25":{"start":{"line":86,"column":4},"end":{"line":86,"column":null}}},"fnMap":{"0":{"name":"(anonymous_0)","decl":{"start":{"line":15,"column":4},"end":{"line":15,"column":16}},"loc":{"start":{"line":15,"column":38},"end":{"line":17,"column":null}},"line":15},"1":{"name":"(anonymous_1)","decl":{"start":{"line":19,"column":4},"end":{"line":19,"column":20}},"loc":{"start":{"line":19,"column":35},"end":{"line":21,"column":null}},"line":19},"2":{"name":"(anonymous_2)","decl":{"start":{"line":23,"column":4},"end":{"line":23,"column":24}},"loc":{"start":{"line":23,"column":24},"end":{"line":26,"column":null}},"line":23},"3":{"name":"(anonymous_3)","decl":{"start":{"line":28,"column":4},"end":{"line":28,"column":29}},"loc":{"start":{"line":28,"column":29},"end":{"line":30,"column":null}},"line":28},"4":{"name":"(anonymous_4)","decl":{"start":{"line":32,"column":10},"end":{"line":32,"column":17}},"loc":{"start":{"line":32,"column":95},"end":{"line":63,"column":null}},"line":32},"5":{"name":"(anonymous_5)","decl":{"start":{"line":53,"column":53},"end":{"line":53,"column":60}},"loc":{"start":{"line":53,"column":60},"end":{"line":53,"column":63}},"line":53},"6":{"name":"getClient","decl":{"start":{"line":70,"column":16},"end":{"line":70,"column":44}},"loc":{"start":{"line":70,"column":44},"end":{"line":77,"column":null}},"line":70},"7":{"name":"createClient","decl":{"start":{"line":79,"column":16},"end":{"line":79,"column":29}},"loc":{"start":{"line":79,"column":67},"end":{"line":82,"column":null}},"line":79},"8":{"name":"_resetClient","decl":{"start":{"line":85,"column":16},"end":{"line":85,"column":31}},"loc":{"start":{"line":85,"column":31},"end":{"line":87,"column":null}},"line":85}},"branchMap":{"0":{"loc":{"start":{"line":35,"column":8},"end":{"line":39,"column":null}},"type":"if","locations":[{"start":{"line":35,"column":8},"end":{"line":39,"column":null}},{"start":{},"end":{}}],"line":35},"1":{"loc":{"start":{"line":46,"column":8},"end":{"line":48,"column":null}},"type":"if","locations":[{"start":{"line":46,"column":8},"end":{"line":48,"column":null}},{"start":{},"end":{}}],"line":46},"2":{"loc":{"start":{"line":52,"column":8},"end":{"line":60,"column":null}},"type":"if","locations":[{"start":{"line":52,"column":8},"end":{"line":60,"column":null}},{"start":{},"end":{}}],"line":52},"3":{"loc":{"start":{"line":56,"column":25},"end":{"line":56,"column":null}},"type":"binary-expr","locations":[{"start":{"line":56,"column":25},"end":{"line":56,"column":42}},{"start":{"line":56,"column":42},"end":{"line":56,"column":null}}],"line":56},"4":{"loc":{"start":{"line":71,"column":4},"end":{"line":75,"column":null}},"type":"if","locations":[{"start":{"line":71,"column":4},"end":{"line":75,"column":null}},{"start":{},"end":{}}],"line":71}},"s":{"0":45,"1":4,"2":3,"3":3,"4":21,"5":26,"6":26,"7":23,"8":72,"9":26,"10":26,"11":1,"12":26,"13":22,"14":2,"15":0,"16":2,"17":2,"18":20,"19":6,"20":37,"21":6,"22":31,"23":45,"24":45,"25":54},"f":{"0":45,"1":4,"2":3,"3":21,"4":26,"5":0,"6":37,"7":45,"8":54},"b":{"0":[23,3],"1":[1,25],"2":[2,20],"3":[2,0],"4":[6,31]},"meta":{"lastBranch":5,"lastFunction":9,"lastStatement":26,"seen":{"f:15:4:15:16":0,"s:16:8:16:Infinity":0,"f:19:4:19:20":1,"s:20:8:20:Infinity":1,"f:23:4:23:24":2,"s:24:45:24:Infinity":2,"s:25:8:25:Infinity":3,"f:28:4:28:29":3,"s:29:8:29:Infinity":4,"f:32:10:32:17":4,"s:33:20:33:Infinity":5,"b:35:8:39:Infinity:undefined:undefined:undefined:undefined":0,"s:35:8:39:Infinity":6,"s:36:12:38:Infinity":7,"s:37:16:37:Infinity":8,"s:41:48:44:Infinity":9,"b:46:8:48:Infinity:undefined:undefined:undefined:undefined":1,"s:46:8:48:Infinity":10,"s:47:12:47:Infinity":11,"s:50:25:50:Infinity":12,"b:52:8:60:Infinity:undefined:undefined:undefined:undefined":2,"s:52:8:60:Infinity":13,"s:53:25:53:Infinity":14,"f:53:53:53:60":5,"s:53:60:53:63":15,"s:54:34:58:Infinity":16,"b:56:25:56:42:56:42:56:Infinity":3,"s:59:12:59:Infinity":17,"s:62:8:62:Infinity":18,"s:68:37:68:Infinity":19,"f:70:16:70:44":6,"b:71:4:75:Infinity:undefined:undefined:undefined:undefined":4,"s:71:4:75:Infinity":20,"s:72:8:74:Infinity":21,"s:76:4:76:Infinity":22,"f:79:16:79:29":7,"s:80:4:80:Infinity":23,"s:81:4:81:Infinity":24,"f:85:16:85:31":8,"s:86:4:86:Infinity":25}}}
,"C:\\Users\\abhin\\Desktop\\ophillia-headless-cms\\packages\\sdk\\src\\index.ts": {"path":"C:\\Users\\abhin\\Desktop\\ophillia-headless-cms\\packages\\sdk\\src\\index.ts","statementMap":{"0":{"start":{"line":11,"column":24},"end":{"line":35,"column":null}},"1":{"start":{"line":19,"column":8},"end":{"line":19,"column":null}},"2":{"start":{"line":19,"column":28},"end":{"line":19,"column":null}},"3":{"start":{"line":20,"column":8},"end":{"line":20,"column":null}},"4":{"start":{"line":20,"column":28},"end":{"line":20,"column":null}},"5":{"start":{"line":21,"column":8},"end":{"line":21,"column":null}},"6":{"start":{"line":21,"column":33},"end":{"line":21,"column":null}},"7":{"start":{"line":23,"column":8},"end":{"line":23,"column":null}},"8":{"start":{"line":24,"column":8},"end":{"line":24,"column":null}}},"fnMap":{"0":{"name":"(anonymous_0)","decl":{"start":{"line":18,"column":4},"end":{"line":18,"column":9}},"loc":{"start":{"line":18,"column":39},"end":{"line":25,"column":null}},"line":18}},"branchMap":{"0":{"loc":{"start":{"line":19,"column":8},"end":{"line":19,"column":null}},"type":"if","locations":[{"start":{"line":19,"column":8},"end":{"line":19,"column":null}},{"start":{},"end":{}}],"line":19},"1":{"loc":{"start":{"line":20,"column":8},"end":{"line":20,"column":null}},"type":"if","locations":[{"start":{"line":20,"column":8},"end":{"line":20,"column":null}},{"start":{},"end":{}}],"line":20},"2":{"loc":{"start":{"line":21,"column":8},"end":{"line":21,"column":null}},"type":"if","locations":[{"start":{"line":21,"column":8},"end":{"line":21,"column":null}},{"start":{},"end":{}}],"line":21}},"s":{"0":1,"1":4,"2":1,"3":3,"4":3,"5":2,"6":2,"7":1,"8":1},"f":{"0":4},"b":{"0":[1,3],"1":[1,2],"2":[1,1]},"meta":{"lastBranch":3,"lastFunction":1,"lastStatement":9,"seen":{"s:11:24:35:Infinity":0,"f:18:4:18:9":0,"b:19:8:19:Infinity:undefined:undefined:undefined:undefined":0,"s:19:8:19:Infinity":1,"s:19:28:19:Infinity":2,"b:20:8:20:Infinity:undefined:undefined:undefined:undefined":1,"s:20:8:20:Infinity":3,"s:20:28:20:Infinity":4,"b:21:8:21:Infinity:undefined:undefined:undefined:undefined":2,"s:21:8:21:Infinity":5,"s:21:33:21:Infinity":6,"s:23:8:23:Infinity":7,"s:24:8:24:Infinity":8}}}
,"C:\\Users\\abhin\\Desktop\\ophillia-headless-cms\\packages\\sdk\\src\\media.ts": {"path":"C:\\Users\\abhin\\Desktop\\ophillia-headless-cms\\packages\\sdk\\src\\media.ts","statementMap":{"0":{"start":{"line":5,"column":21},"end":{"line":26,"column":null}},"1":{"start":{"line":14,"column":8},"end":{"line":16,"column":null}},"2":{"start":{"line":15,"column":12},"end":{"line":15,"column":null}},"3":{"start":{"line":17,"column":14},"end":{"line":17,"column":null}},"4":{"start":{"line":20,"column":24},"end":{"line":21,"column":null}},"5":{"start":{"line":24,"column":8},"end":{"line":24,"column":null}},"6":{"start":{"line":31,"column":14},"end":{"line":31,"column":null}},"7":{"start":{"line":34,"column":4},"end":{"line":34,"column":null}},"8":{"start":{"line":38,"column":4},"end":{"line":38,"column":null}}},"fnMap":{"0":{"name":"(anonymous_0)","decl":{"start":{"line":13,"column":4},"end":{"line":13,"column":11}},"loc":{"start":{"line":13,"column":77},"end":{"line":25,"column":null}},"line":13},"1":{"name":"_setApiUrl","decl":{"start":{"line":33,"column":16},"end":{"line":33,"column":27}},"loc":{"start":{"line":33,"column":43},"end":{"line":35,"column":null}},"line":33},"2":{"name":"_getApiUrl","decl":{"start":{"line":37,"column":9},"end":{"line":37,"column":30}},"loc":{"start":{"line":37,"column":30},"end":{"line":39,"column":null}},"line":37}},"branchMap":{"0":{"loc":{"start":{"line":14,"column":8},"end":{"line":16,"column":null}},"type":"if","locations":[{"start":{"line":14,"column":8},"end":{"line":16,"column":null}},{"start":{},"end":{}}],"line":14},"1":{"loc":{"start":{"line":14,"column":12},"end":{"line":14,"column":53}},"type":"binary-expr","locations":[{"start":{"line":14,"column":12},"end":{"line":14,"column":29}},{"start":{"line":14,"column":29},"end":{"line":14,"column":42}},{"start":{"line":14,"column":42},"end":{"line":14,"column":53}}],"line":14},"2":{"loc":{"start":{"line":20,"column":24},"end":{"line":21,"column":null}},"type":"binary-expr","locations":[{"start":{"line":20,"column":24},"end":{"line":20,"column":null}},{"start":{"line":21,"column":15},"end":{"line":21,"column":null}}],"line":20}},"s":{"0":1,"1":0,"2":0,"3":0,"4":0,"5":0,"6":1,"7":1,"8":0},"f":{"0":0,"1":1,"2":0},"b":{"0":[0,0],"1":[0,0,0],"2":[0,0]},"meta":{"lastBranch":3,"lastFunction":3,"lastStatement":9,"seen":{"s:5:21:26:Infinity":0,"f:13:4:13:11":0,"b:14:8:16:Infinity:undefined:undefined:undefined:undefined":0,"s:14:8:16:Infinity":1,"b:14:12:14:29:14:29:14:42:14:42:14:53":1,"s:15:12:15:Infinity":2,"s:17:14:17:Infinity":3,"s:20:24:21:Infinity":4,"b:20:24:20:Infinity:21:15:21:Infinity":2,"s:24:8:24:Infinity":5,"s:31:14:31:Infinity":6,"f:33:16:33:27":1,"s:34:4:34:Infinity":7,"f:37:9:37:30":2,"s:38:4:38:Infinity":8}}}
,"C:\\Users\\abhin\\Desktop\\ophillia-headless-cms\\packages\\sdk\\src\\pages.ts": {"path":"C:\\Users\\abhin\\Desktop\\ophillia-headless-cms\\packages\\sdk\\src\\pages.ts","statementMap":{"0":{"start":{"line":6,"column":21},"end":{"line":81,"column":null}},"1":{"start":{"line":11,"column":14},"end":{"line":11,"column":null}},"2":{"start":{"line":12,"column":66},"end":{"line":16,"column":null}},"3":{"start":{"line":18,"column":8},"end":{"line":20,"column":null}},"4":{"start":{"line":19,"column":12},"end":{"line":19,"column":null}},"5":{"start":{"line":22,"column":8},"end":{"line":24,"column":null}},"6":{"start":{"line":23,"column":12},"end":{"line":23,"column":null}},"7":{"start":{"line":26,"column":23},"end":{"line":29,"column":null}},"8":{"start":{"line":31,"column":8},"end":{"line":31,"column":null}},"9":{"start":{"line":38,"column":14},"end":{"line":38,"column":null}},"10":{"start":{"line":39,"column":23},"end":{"line":45,"column":null}},"11":{"start":{"line":47,"column":8},"end":{"line":53,"column":null}},"12":{"start":{"line":48,"column":24},"end":{"line":51,"column":null}},"13":{"start":{"line":52,"column":12},"end":{"line":52,"column":null}},"14":{"start":{"line":55,"column":8},"end":{"line":55,"column":null}},"15":{"start":{"line":62,"column":14},"end":{"line":62,"column":null}},"16":{"start":{"line":63,"column":66},"end":{"line":68,"column":null}},"17":{"start":{"line":70,"column":8},"end":{"line":72,"column":null}},"18":{"start":{"line":71,"column":12},"end":{"line":71,"column":null}},"19":{"start":{"line":74,"column":23},"end":{"line":77,"column":null}},"20":{"start":{"line":79,"column":8},"end":{"line":79,"column":null}}},"fnMap":{"0":{"name":"(anonymous_0)","decl":{"start":{"line":10,"column":10},"end":{"line":10,"column":15}},"loc":{"start":{"line":10,"column":59},"end":{"line":32,"column":null}},"line":10},"1":{"name":"(anonymous_1)","decl":{"start":{"line":37,"column":10},"end":{"line":37,"column":20}},"loc":{"start":{"line":37,"column":49},"end":{"line":56,"column":null}},"line":37},"2":{"name":"(anonymous_2)","decl":{"start":{"line":61,"column":10},"end":{"line":61,"column":22}},"loc":{"start":{"line":61,"column":88},"end":{"line":80,"column":null}},"line":61}},"branchMap":{"0":{"loc":{"start":{"line":10,"column":15},"end":{"line":10,"column":59}},"type":"default-arg","locations":[{"start":{"line":10,"column":38},"end":{"line":10,"column":59}}],"line":10},"1":{"loc":{"start":{"line":14,"column":21},"end":{"line":14,"column":null}},"type":"binary-expr","locations":[{"start":{"line":14,"column":21},"end":{"line":14,"column":40}},{"start":{"line":14,"column":40},"end":{"line":14,"column":null}}],"line":14},"2":{"loc":{"start":{"line":15,"column":18},"end":{"line":15,"column":null}},"type":"binary-expr","locations":[{"start":{"line":15,"column":18},"end":{"line":15,"column":34}},{"start":{"line":15,"column":34},"end":{"line":15,"column":null}}],"line":15},"3":{"loc":{"start":{"line":18,"column":8},"end":{"line":20,"column":null}},"type":"if","locations":[{"start":{"line":18,"column":8},"end":{"line":20,"column":null}},{"start":{},"end":{}}],"line":18},"4":{"loc":{"start":{"line":22,"column":8},"end":{"line":24,"column":null}},"type":"if","locations":[{"start":{"line":22,"column":8},"end":{"line":24,"column":null}},{"start":{},"end":{}}],"line":22},"5":{"loc":{"start":{"line":47,"column":8},"end":{"line":53,"column":null}},"type":"if","locations":[{"start":{"line":47,"column":8},"end":{"line":53,"column":null}},{"start":{},"end":{}}],"line":47},"6":{"loc":{"start":{"line":61,"column":38},"end":{"line":61,"column":88}},"type":"default-arg","locations":[{"start":{"line":61,"column":64},"end":{"line":61,"column":88}}],"line":61},"7":{"loc":{"start":{"line":66,"column":21},"end":{"line":66,"column":null}},"type":"binary-expr","locations":[{"start":{"line":66,"column":21},"end":{"line":66,"column":40}},{"start":{"line":66,"column":40},"end":{"line":66,"column":null}}],"line":66},"8":{"loc":{"start":{"line":67,"column":18},"end":{"line":67,"column":null}},"type":"binary-expr","locations":[{"start":{"line":67,"column":18},"end":{"line":67,"column":34}},{"start":{"line":67,"column":34},"end":{"line":67,"column":null}}],"line":67},"9":{"loc":{"start":{"line":70,"column":8},"end":{"line":72,"column":null}},"type":"if","locations":[{"start":{"line":70,"column":8},"end":{"line":72,"column":null}},{"start":{},"end":{}}],"line":70}},"s":{"0":2,"1":8,"2":8,"3":8,"4":3,"5":7,"6":0,"7":7,"8":5,"9":4,"10":4,"11":3,"12":2,"13":2,"14":1,"15":2,"16":2,"17":2,"18":1,"19":2,"20":2},"f":{"0":8,"1":4,"2":2},"b":{"0":[8],"1":[8,7],"2":[8,7],"3":[3,5],"4":[0,7],"5":[2,1],"6":[2],"7":[2,2],"8":[2,2],"9":[1,1]},"meta":{"lastBranch":10,"lastFunction":3,"lastStatement":21,"seen":{"s:6:21:81:Infinity":0,"f:10:10:10:15":0,"b:10:38:10:59":0,"s:11:14:11:Infinity":1,"s:12:66:16:Infinity":2,"b:14:21:14:40:14:40:14:Infinity":1,"b:15:18:15:34:15:34:15:Infinity":2,"b:18:8:20:Infinity:undefined:undefined:undefined:undefined":3,"s:18:8:20:Infinity":3,"s:19:12:19:Infinity":4,"b:22:8:24:Infinity:undefined:undefined:undefined:undefined":4,"s:22:8:24:Infinity":5,"s:23:12:23:Infinity":6,"s:26:23:29:Infinity":7,"s:31:8:31:Infinity":8,"f:37:10:37:20":1,"s:38:14:38:Infinity":9,"s:39:23:45:Infinity":10,"b:47:8:53:Infinity:undefined:undefined:undefined:undefined":5,"s:47:8:53:Infinity":11,"s:48:24:51:Infinity":12,"s:52:12:52:Infinity":13,"s:55:8:55:Infinity":14,"f:61:10:61:22":2,"b:61:64:61:88":6,"s:62:14:62:Infinity":15,"s:63:66:68:Infinity":16,"b:66:21:66:40:66:40:66:Infinity":7,"b:67:18:67:34:67:34:67:Infinity":8,"b:70:8:72:Infinity:undefined:undefined:undefined:undefined":9,"s:70:8:72:Infinity":17,"s:71:12:71:Infinity":18,"s:74:23:77:Infinity":19,"s:79:8:79:Infinity":20}}}
,"C:\\Users\\abhin\\Desktop\\ophillia-headless-cms\\packages\\sdk\\src\\preview.ts": {"path":"C:\\Users\\abhin\\Desktop\\ophillia-headless-cms\\packages\\sdk\\src\\preview.ts","statementMap":{"0":{"start":{"line":5,"column":23},"end":{"line":25,"column":null}},"1":{"start":{"line":11,"column":8},"end":{"line":13,"column":null}},"2":{"start":{"line":12,"column":12},"end":{"line":12,"column":null}},"3":{"start":{"line":14,"column":14},"end":{"line":14,"column":null}},"4":{"start":{"line":15,"column":8},"end":{"line":15,"column":null}},"5":{"start":{"line":22,"column":14},"end":{"line":22,"column":null}},"6":{"start":{"line":23,"column":8},"end":{"line":23,"column":null}}},"fnMap":{"0":{"name":"(anonymous_0)","decl":{"start":{"line":10,"column":4},"end":{"line":10,"column":11}},"loc":{"start":{"line":10,"column":32},"end":{"line":16,"column":null}},"line":10},"1":{"name":"(anonymous_1)","decl":{"start":{"line":21,"column":4},"end":{"line":21,"column":20}},"loc":{"start":{"line":21,"column":20},"end":{"line":24,"column":null}},"line":21}},"branchMap":{"0":{"loc":{"start":{"line":11,"column":8},"end":{"line":13,"column":null}},"type":"if","locations":[{"start":{"line":11,"column":8},"end":{"line":13,"column":null}},{"start":{},"end":{}}],"line":11},"1":{"loc":{"start":{"line":11,"column":12},"end":{"line":11,"column":72}},"type":"binary-expr","locations":[{"start":{"line":11,"column":12},"end":{"line":11,"column":22}},{"start":{"line":11,"column":22},"end":{"line":11,"column":51}},{"start":{"line":11,"column":51},"end":{"line":11,"column":72}}],"line":11}},"s":{"0":2,"1":5,"2":2,"3":3,"4":3,"5":3,"6":3},"f":{"0":5,"1":3},"b":{"0":[2,3],"1":[5,4,4]},"meta":{"lastBranch":2,"lastFunction":2,"lastStatement":7,"seen":{"s:5:23:25:Infinity":0,"f:10:4:10:11":0,"b:11:8:13:Infinity:undefined:undefined:undefined:undefined":0,"s:11:8:13:Infinity":1,"b:11:12:11:22:11:22:11:51:11:51:11:72":1,"s:12:12:12:Infinity":2,"s:14:14:14:Infinity":3,"s:15:8:15:Infinity":4,"f:21:4:21:20":1,"s:22:14:22:Infinity":5,"s:23:8:23:Infinity":6}}}
,"C:\\Users\\abhin\\Desktop\\ophillia-headless-cms\\packages\\sdk\\src\\schema.ts": {"path":"C:\\Users\\abhin\\Desktop\\ophillia-headless-cms\\packages\\sdk\\src\\schema.ts","statementMap":{"0":{"start":{"line":6,"column":22},"end":{"line":40,"column":null}},"1":{"start":{"line":12,"column":14},"end":{"line":12,"column":null}},"2":{"start":{"line":13,"column":23},"end":{"line":20,"column":null}},"3":{"start":{"line":22,"column":8},"end":{"line":22,"column":null}},"4":{"start":{"line":22,"column":34},"end":{"line":22,"column":null}},"5":{"start":{"line":23,"column":8},"end":{"line":23,"column":null}},"6":{"start":{"line":31,"column":14},"end":{"line":31,"column":null}},"7":{"start":{"line":34,"column":29},"end":{"line":36,"column":null}},"8":{"start":{"line":38,"column":8},"end":{"line":38,"column":null}},"9":{"start":{"line":48,"column":19},"end":{"line":48,"column":null}},"10":{"start":{"line":50,"column":4},"end":{"line":90,"column":null}},"11":{"start":{"line":51,"column":22},"end":{"line":51,"column":null}},"12":{"start":{"line":54,"column":8},"end":{"line":61,"column":null}},"13":{"start":{"line":55,"column":12},"end":{"line":59,"column":null}},"14":{"start":{"line":60,"column":12},"end":{"line":60,"column":null}},"15":{"start":{"line":63,"column":8},"end":{"line":63,"column":null}},"16":{"start":{"line":63,"column":51},"end":{"line":63,"column":null}},"17":{"start":{"line":66,"column":8},"end":{"line":89,"column":null}},"18":{"start":{"line":70,"column":16},"end":{"line":72,"column":null}},"19":{"start":{"line":71,"column":20},"end":{"line":71,"column":null}},"20":{"start":{"line":73,"column":16},"end":{"line":73,"column":null}},"21":{"start":{"line":75,"column":16},"end":{"line":77,"column":null}},"22":{"start":{"line":76,"column":20},"end":{"line":76,"column":null}},"23":{"start":{"line":78,"column":16},"end":{"line":78,"column":null}},"24":{"start":{"line":80,"column":16},"end":{"line":82,"column":null}},"25":{"start":{"line":81,"column":20},"end":{"line":81,"column":null}},"26":{"start":{"line":83,"column":16},"end":{"line":83,"column":null}},"27":{"start":{"line":85,"column":16},"end":{"line":87,"column":null}},"28":{"start":{"line":86,"column":20},"end":{"line":86,"column":null}},"29":{"start":{"line":88,"column":16},"end":{"line":88,"column":null}},"30":{"start":{"line":92,"column":4},"end":{"line":92,"column":null}}},"fnMap":{"0":{"name":"(anonymous_0)","decl":{"start":{"line":11,"column":10},"end":{"line":11,"column":40}},"loc":{"start":{"line":11,"column":40},"end":{"line":24,"column":null}},"line":11},"1":{"name":"(anonymous_1)","decl":{"start":{"line":30,"column":10},"end":{"line":30,"column":19}},"loc":{"start":{"line":30,"column":92},"end":{"line":39,"column":null}},"line":30},"2":{"name":"validateAgainstSchema","decl":{"start":{"line":44,"column":16},"end":{"line":44,"column":null}},"loc":{"start":{"line":47,"column":20},"end":{"line":93,"column":null}},"line":47}},"branchMap":{"0":{"loc":{"start":{"line":22,"column":8},"end":{"line":22,"column":null}},"type":"if","locations":[{"start":{"line":22,"column":8},"end":{"line":22,"column":null}},{"start":{},"end":{}}],"line":22},"1":{"loc":{"start":{"line":54,"column":8},"end":{"line":61,"column":null}},"type":"if","locations":[{"start":{"line":54,"column":8},"end":{"line":61,"column":null}},{"start":{},"end":{}}],"line":54},"2":{"loc":{"start":{"line":54,"column":12},"end":{"line":54,"column":87}},"type":"binary-expr","locations":[{"start":{"line":54,"column":12},"end":{"line":54,"column":31}},{"start":{"line":54,"column":31},"end":{"line":54,"column":54}},{"start":{"line":54,"column":54},"end":{"line":54,"column":72}},{"start":{"line":54,"column":72},"end":{"line":54,"column":87}}],"line":54},"3":{"loc":{"start":{"line":63,"column":8},"end":{"line":63,"column":null}},"type":"if","locations":[{"start":{"line":63,"column":8},"end":{"line":63,"column":null}},{"start":{},"end":{}}],"line":63},"4":{"loc":{"start":{"line":63,"column":12},"end":{"line":63,"column":51}},"type":"binary-expr","locations":[{"start":{"line":63,"column":12},"end":{"line":63,"column":35}},{"start":{"line":63,"column":35},"end":{"line":63,"column":51}}],"line":63},"5":{"loc":{"start":{"line":66,"column":8},"end":{"line":89,"column":null}},"type":"switch","locations":[{"start":{"line":67,"column":12},"end":{"line":67,"column":null}},{"start":{"line":68,"column":12},"end":{"line":68,"column":null}},{"start":{"line":69,"column":12},"end":{"line":73,"column":null}},{"start":{"line":74,"column":12},"end":{"line":78,"column":null}},{"start":{"line":79,"column":12},"end":{"line":83,"column":null}},{"start":{"line":84,"column":12},"end":{"line":88,"column":null}}],"line":66},"6":{"loc":{"start":{"line":70,"column":16},"end":{"line":72,"column":null}},"type":"if","locations":[{"start":{"line":70,"column":16},"end":{"line":72,"column":null}},{"start":{},"end":{}}],"line":70},"7":{"loc":{"start":{"line":75,"column":16},"end":{"line":77,"column":null}},"type":"if","locations":[{"start":{"line":75,"column":16},"end":{"line":77,"column":null}},{"start":{},"end":{}}],"line":75},"8":{"loc":{"start":{"line":80,"column":16},"end":{"line":82,"column":null}},"type":"if","locations":[{"start":{"line":80,"column":16},"end":{"line":82,"column":null}},{"start":{},"end":{}}],"line":80},"9":{"loc":{"start":{"line":85,"column":16},"end":{"line":87,"column":null}},"type":"if","locations":[{"start":{"line":85,"column":16},"end":{"line":87,"column":null}},{"start":{},"end":{}}],"line":85}},"s":{"0":2,"1":4,"2":4,"3":2,"4":1,"5":1,"6":0,"7":0,"8":0,"9":9,"10":9,"11":37,"12":37,"13":4,"14":4,"15":33,"16":21,"17":12,"18":5,"19":1,"20":5,"21":5,"22":1,"23":5,"24":1,"25":1,"26":1,"27":1,"28":1,"29":1,"30":9},"f":{"0":4,"1":0,"2":9},"b":{"0":[1,1],"1":[4,33],"2":[37,16,12,12],"3":[21,12],"4":[33,12],"5":[5,5,5,5,1,1],"6":[1,4],"7":[1,4],"8":[1,0],"9":[1,0]},"meta":{"lastBranch":10,"lastFunction":3,"lastStatement":31,"seen":{"s:6:22:40:Infinity":0,"f:11:10:11:40":0,"s:12:14:12:Infinity":1,"s:13:23:20:Infinity":2,"b:22:8:22:Infinity:undefined:undefined:undefined:undefined":0,"s:22:8:22:Infinity":3,"s:22:34:22:Infinity":4,"s:23:8:23:Infinity":5,"f:30:10:30:19":1,"s:31:14:31:Infinity":6,"s:34:29:36:Infinity":7,"s:38:8:38:Infinity":8,"f:44:16:44:Infinity":2,"s:48:19:48:Infinity":9,"s:50:4:90:Infinity":10,"s:51:22:51:Infinity":11,"b:54:8:61:Infinity:undefined:undefined:undefined:undefined":1,"s:54:8:61:Infinity":12,"b:54:12:54:31:54:31:54:54:54:54:54:72:54:72:54:87":2,"s:55:12:59:Infinity":13,"s:60:12:60:Infinity":14,"b:63:8:63:Infinity:undefined:undefined:undefined:undefined":3,"s:63:8:63:Infinity":15,"b:63:12:63:35:63:35:63:51":4,"s:63:51:63:Infinity":16,"b:67:12:67:Infinity:68:12:68:Infinity:69:12:73:Infinity:74:12:78:Infinity:79:12:83:Infinity:84:12:88:Infinity":5,"s:66:8:89:Infinity":17,"b:70:16:72:Infinity:undefined:undefined:undefined:undefined":6,"s:70:16:72:Infinity":18,"s:71:20:71:Infinity":19,"s:73:16:73:Infinity":20,"b:75:16:77:Infinity:undefined:undefined:undefined:undefined":7,"s:75:16:77:Infinity":21,"s:76:20:76:Infinity":22,"s:78:16:78:Infinity":23,"b:80:16:82:Infinity:undefined:undefined:undefined:undefined":8,"s:80:16:82:Infinity":24,"s:81:20:81:Infinity":25,"s:83:16:83:Infinity":26,"b:85:16:87:Infinity:undefined:undefined:undefined:undefined":9,"s:85:16:87:Infinity":27,"s:86:20:86:Infinity":28,"s:88:16:88:Infinity":29,"s:92:4:92:Infinity":30}}}
,"C:\\Users\\abhin\\Desktop\\ophillia-headless-cms\\packages\\sdk\\src\\sections.ts": {"path":"C:\\Users\\abhin\\Desktop\\ophillia-headless-cms\\packages\\sdk\\src\\sections.ts","statementMap":{"0":{"start":{"line":6,"column":24},"end":{"line":30,"column":null}},"1":{"start":{"line":11,"column":14},"end":{"line":11,"column":null}},"2":{"start":{"line":12,"column":66},"end":{"line":17,"column":null}},"3":{"start":{"line":19,"column":8},"end":{"line":21,"column":null}},"4":{"start":{"line":20,"column":12},"end":{"line":20,"column":null}},"5":{"start":{"line":23,"column":23},"end":{"line":26,"column":null}},"6":{"start":{"line":28,"column":8},"end":{"line":28,"column":null}}},"fnMap":{"0":{"name":"(anonymous_0)","decl":{"start":{"line":10,"column":10},"end":{"line":10,"column":20}},"loc":{"start":{"line":10,"column":90},"end":{"line":29,"column":null}},"line":10}},"branchMap":{"0":{"loc":{"start":{"line":10,"column":40},"end":{"line":10,"column":90}},"type":"default-arg","locations":[{"start":{"line":10,"column":66},"end":{"line":10,"column":90}}],"line":10},"1":{"loc":{"start":{"line":15,"column":21},"end":{"line":15,"column":null}},"type":"binary-expr","locations":[{"start":{"line":15,"column":21},"end":{"line":15,"column":40}},{"start":{"line":15,"column":40},"end":{"line":15,"column":null}}],"line":15},"2":{"loc":{"start":{"line":16,"column":18},"end":{"line":16,"column":null}},"type":"binary-expr","locations":[{"start":{"line":16,"column":18},"end":{"line":16,"column":34}},{"start":{"line":16,"column":34},"end":{"line":16,"column":null}}],"line":16},"3":{"loc":{"start":{"line":19,"column":8},"end":{"line":21,"column":null}},"type":"if","locations":[{"start":{"line":19,"column":8},"end":{"line":21,"column":null}},{"start":{},"end":{}}],"line":19}},"s":{"0":2,"1":7,"2":7,"3":7,"4":1,"5":6,"6":5},"f":{"0":7},"b":{"0":[7],"1":[7,6],"2":[7,6],"3":[1,6]},"meta":{"lastBranch":4,"lastFunction":1,"lastStatement":7,"seen":{"s:6:24:30:Infinity":0,"f:10:10:10:20":0,"b:10:66:10:90":0,"s:11:14:11:Infinity":1,"s:12:66:17:Infinity":2,"b:15:21:15:40:15:40:15:Infinity":1,"b:16:18:16:34:16:34:16:Infinity":2,"b:19:8:21:Infinity:undefined:undefined:undefined:undefined":3,"s:19:8:21:Infinity":3,"s:20:12:20:Infinity":4,"s:23:23:26:Infinity":5,"s:28:8:28:Infinity":6}}}
,"C:\\Users\\abhin\\Desktop\\ophillia-headless-cms\\packages\\sdk\\src\\types.ts": {"path":"C:\\Users\\abhin\\Desktop\\ophillia-headless-cms\\packages\\sdk\\src\\types.ts","statementMap":{},"fnMap":{},"branchMap":{},"s":{},"f":{},"b":{},"meta":{"lastBranch":0,"lastFunction":0,"lastStatement":0,"seen":{}}}
}
